Log file open, 02/27/25 14:01:43
LogTrace: Initializing trace...
LogTrace: Finished trace initialization.
LogInit: Session CrashGUID >====================================================
         Session CrashGUID >   UECC-Windows-E924280C482BAB7FBF82DC874DFC60ED
         Session CrashGUID >====================================================
LogConfig: No local boot hotfix file found at: [D:/YDS_UnrealProject/OnlySwordMyLife/Saved/PersistentDownloadDir/HotfixForNextBoot.txt]
LogPluginManager: Mounting Engine plugin PlatformCrypto
LogInit: ExecutableName: UnrealPak.exe
LogInit: Build: ++UE5+Release-5.5-CL-39772772
LogInit: Platform=WindowsEditor
LogInit: MachineId=7e44e0b84956808a6c19aa91fc73cbad
LogInit: DeviceId=
LogInit: Engine Version: 5.5.3-39772772+++UE5+Release-5.5
LogInit: Compatible Engine Version: 5.5.0-37670630+++UE5+Release-5.5
LogInit: Net CL: 37670630
LogInit: OS: Windows 10 (22H2) [10.0.19045.5487] (), CPU: AMD Ryzen 7 8700F 8-Core Processor             , GPU: NVIDIA GeForce RTX 4060
LogInit: Compiled (64-bit): Feb  5 2025 22:49:28
LogInit: Architecture: x64
LogInit: Compiled with Visual C++: 19.38.33130.00
LogInit: Build Configuration: Development
LogInit: Branch Name: ++UE5+Release-5.5
LogInit: Command Line: -CreateGlobalContainer=D:\YDS_UnrealProject\OnlySwordMyLife\Saved\StagedBuilds\Windows\OnlySwordMyLife\Content\Paks\global.utoc -PackageStoreManifest=D:\YDS_UnrealProject\OnlySwordMyLife\Saved\Cooked\Windows\OnlySwordMyLife\Metadata\packagestore.manifest -CookedDirectory=D:\YDS_UnrealProject\OnlySwordMyLife\Saved\Cooked\Windows -Commands="C:\Users\Atents\AppData\Roaming\Unreal Engine\AutomationTool\Logs\C+Program+Files+Epic+Games+UE_5.5\IoStoreCommands.txt" -ScriptObjects=D:\YDS_UnrealProject\OnlySwordMyLife\Saved\Cooked\Windows\OnlySwordMyLife\Metadata\scriptobjects.bin -patchpaddingalign=2048 -compressionformats=Oodle -compresslevel=4 -compressmethod=Kraken -cryptokeys=D:\YDS_UnrealProject\OnlySwordMyLife\Saved\Cooked\Windows\OnlySwordMyLife\Metadata\Crypto.json -compressionMinBytesSaved=1024 -compressionMinPercentSaved=5 -WriteBackMetadataToAssetRegistry=Disabled -nopak
LogInit: Base Directory: C:/Program Files/Epic Games/UE_5.5/Engine/Binaries/Win64/
LogInit: Allocator: Mimalloc
LogInit: Installed Engine Build: 1
LogInit: This binary is optimized with LTO: no, PGO: no, instrumented for PGO data collection: no
LogDevObjectVersion: Number of dev versions registered: 35
LogDevObjectVersion:   Dev-Blueprints (B0D832E4-1F89-4F0D-ACCF-7EB736FD4AA2): 10
LogDevObjectVersion:   Dev-Build (E1C64328-A22C-4D53-A36C-8E866417BD8C): 0
LogDevObjectVersion:   Dev-Core (375EC13C-06E4-48FB-B500-84F0262A717E): 4
LogDevObjectVersion:   Dev-Editor (E4B068ED-F494-42E9-A231-DA0B2E46BB41): 40
LogDevObjectVersion:   Dev-Framework (CFFC743F-43B0-4480-9391-14DF171D2073): 37
LogDevObjectVersion:   Dev-Mobile (B02B49B5-BB20-44E9-A304-32B752E40360): 3
LogDevObjectVersion:   Dev-Networking (A4E4105C-59A1-49B5-A7C5-40C4547EDFEE): 0
LogDevObjectVersion:   Dev-Online (39C831C9-5AE6-47DC-9A44-9C173E1C8E7C): 0
LogDevObjectVersion:   Dev-Physics (78F01B33-EBEA-4F98-B9B4-84EACCB95AA2): 20
LogDevObjectVersion:   Dev-Platform (6631380F-2D4D-43E0-8009-CF276956A95A): 0
LogDevObjectVersion:   Dev-Rendering (12F88B9F-8875-4AFC-A67C-D90C383ABD29): 49
LogDevObjectVersion:   Dev-Sequencer (7B5AE74C-D270-4C10-A958-57980B212A5A): 13
LogDevObjectVersion:   Dev-VR (D7296918-1DD6-4BDD-9DE2-64A83CC13884): 3
LogDevObjectVersion:   Dev-LoadTimes (C2A15278-BFE7-4AFE-6C17-90FF531DF755): 1
LogDevObjectVersion:   Private-Geometry (6EACA3D4-40EC-4CC1-B786-8BED09428FC5): 3
LogDevObjectVersion:   Dev-AnimPhys (29E575DD-E0A3-4627-9D10-D276232CDCEA): 17
LogDevObjectVersion:   Dev-Anim (AF43A65D-7FD3-4947-9873-3E8ED9C1BB05): 15
LogDevObjectVersion:   Dev-ReflectionCapture (6B266CEC-1EC7-4B8F-A30B-E4D90942FC07): 1
LogDevObjectVersion:   Dev-Automation (0DF73D61-A23F-47EA-B727-89E90C41499A): 1
LogDevObjectVersion:   FortniteMain (601D1886-AC64-4F84-AA16-D3DE0DEAC7D6): 170
LogDevObjectVersion:   FortniteValkyrie (8DBC2C5B-54A7-43E0-A768-FCBB7DA29060): 8
LogDevObjectVersion:   FortniteSeason (5B4C06B7-2463-4AF8-805B-BF70CDF5D0DD): 13
LogDevObjectVersion:   FortniteRelease (E7086368-6B23-4C58-8439-1B7016265E91): 15
LogDevObjectVersion:   Dev-Enterprise (9DFFBCD6-494F-0158-E221-12823C92A888): 10
LogDevObjectVersion:   Dev-Niagara (F2AED0AC-9AFE-416F-8664-AA7FFA26D6FC): 1
LogDevObjectVersion:   Dev-Destruction (174F1F0B-B4C6-45A5-B13F-2EE8D0FB917D): 10
LogDevObjectVersion:   Dev-Physics-Ext (35F94A83-E258-406C-A318-09F59610247C): 41
LogDevObjectVersion:   Dev-PhysicsMaterial-Chaos (B68FC16E-8B1B-42E2-B453-215C058844FE): 1
LogDevObjectVersion:   Dev-CineCamera (B2E18506-4273-CFC2-A54E-F4BB758BBA07): 1
LogDevObjectVersion:   Dev-VirtualProduction (64F58936-FD1B-42BA-BA96-7289D5D0FA4E): 1
LogDevObjectVersion:   UE5-Main (697DD581-E64F-41AB-AA4A-51ECBEB7B628): 119
LogDevObjectVersion:   UE5-Release (D89B5E42-24BD-4D46-8412-ACA8DF641779): 51
LogDevObjectVersion:   UE5-PrivateFrosty (59DA5D52-1232-4948-B878-597870B8E98B): 8
LogDevObjectVersion:   Dev-MediaFramework (6F0ED827-A609-4895-9C91-998D90180EA4): 2
LogDevObjectVersion:   Dev-NaniteResearch (30D58BE3-95EA-4282-A6E3-B159D8EBB06A): 1
LogConfig: Branch 'PlatformCrypto' had been unloaded. Reloading on-demand took 0.22ms
LogInit: Presizing for max 100000 objects, including 0 objects not considered by GC.
LogInit: Object subsystem initialized
LogConfig: Applying CVar settings from Section [Startup] File [../../../Engine/Config/ConsoleVariables.ini]
LogConfig: CVar [[r.DumpShaderDebugInfo:2]] deferred - dummy variable created
LogConfig: CVar [[p.chaos.AllowCreatePhysxBodies:1]] deferred - dummy variable created
LogConfig: CVar [[fx.SkipVectorVMBackendOptimizations:1]] deferred - dummy variable created
LogConfig: CVar [[ds.CADTranslator.Meshing.ActivateThinZoneMeshing:0]] deferred - dummy variable created
[2025.02.27-05.01.43:073][  0]LogConfig: CVar [[ds.CADTranslator.Stitching.RemoveThinFaces:0]] deferred - dummy variable created
[2025.02.27-05.01.43:073][  0]LogConfig: Applying CVar settings from Section [Startup_Windows] File [../../../Engine/Config/ConsoleVariables.ini]
[2025.02.27-05.01.43:073][  0]LogConfig: Applying CVar settings from Section [ConsoleVariables] File [Engine]
[2025.02.27-05.01.43:073][  0]LogConfig: Set CVar [[memory.MemoryPressureCriticalThresholdMB:512]]
[2025.02.27-05.01.43:073][  0]LogInit: Computer: DESKTOP-K1I67RG
[2025.02.27-05.01.43:073][  0]LogInit: User: Atents
[2025.02.27-05.01.43:073][  0]LogInit: CPU Page size=4096, Cores=8
[2025.02.27-05.01.43:073][  0]LogInit: High frequency timer resolution =10.000000 MHz
[2025.02.27-05.01.43:198][  0]LogMemory: Process is running as part of a Windows Job with separate resource limits
[2025.02.27-05.01.43:198][  0]LogMemory: Memory total: Physical=31.6GB (32GB approx) Virtual=49.6GB
[2025.02.27-05.01.43:198][  0]LogMemory: Platform Memory Stats for WindowsEditor
[2025.02.27-05.01.43:198][  0]LogMemory: Process Physical Memory: 57.98 MB used, 58.58 MB peak
[2025.02.27-05.01.43:198][  0]LogMemory: Process Virtual Memory: 123.61 MB used, 123.61 MB peak
[2025.02.27-05.01.43:198][  0]LogMemory: Physical Memory: 19493.50 MB used,  12854.25 MB free, 32347.74 MB total
[2025.02.27-05.01.43:198][  0]LogMemory: Virtual Memory: 40634.57 MB used,  10180.37 MB free, 50814.94 MB total
[2025.02.27-05.01.43:202][  0]LogAssetRegistry: FAssetRegistry took 0.0001 seconds to start up
[2025.02.27-05.01.43:202][  0]LogUObjectArray: 438 objects as part of root set at end of initial load.
[2025.02.27-05.01.43:202][  0]LogUObjectArray: CloseDisregardForGC: 0/0 objects in disregard for GC pool
[2025.02.27-05.01.43:202][  0]LogInit: Using OS detected language ().
[2025.02.27-05.01.43:202][  0]LogInit: Using OS detected locale ().
[2025.02.27-05.01.43:203][  0]LogTextLocalizationManager: No localization for '' exists, so 'en' will be used for the language.
[2025.02.27-05.01.43:203][  0]LogTextLocalizationManager: No localization for '' exists, so 'en' will be used for the locale.
[2025.02.27-05.01.43:203][  0]LogInit: Using OS detected language ().
[2025.02.27-05.01.43:203][  0]LogInit: Using OS detected locale ().
[2025.02.27-05.01.43:203][  0]LogTextLocalizationManager: No localization for '' exists, so 'en' will be used for the language.
[2025.02.27-05.01.43:203][  0]LogTextLocalizationManager: No localization for '' exists, so 'en' will be used for the locale.
[2025.02.27-05.01.43:203][  0]LogPakFile: Display: ProjectDir: D:/YDS_UnrealProject/OnlySwordMyLife/
[2025.02.27-05.01.43:203][  0]LogIoStore: Display: ==================== IoStore Utils ====================
[2025.02.27-05.01.43:204][  0]LogIoStore: Display: Parsing crypto keys from a crypto key cache file 'D:\YDS_UnrealProject\OnlySwordMyLife\Saved\Cooked\Windows\OnlySwordMyLife\Metadata\Crypto.json'
[2025.02.27-05.01.43:207][  0]LogIoStore: Display: Container signing - DISABLED
[2025.02.27-05.01.43:207][  0]LogIoStore: Display: Directory index - ENABLED
[2025.02.27-05.01.43:207][  0]LogIoStore: Display: Using compression format 'Oodle'
[2025.02.27-05.01.43:207][  0]LogIoStore: Display: Using memory mapping alignment '16384'
[2025.02.27-05.01.43:207][  0]LogIoStore: Display: Using compression block size '65536'
[2025.02.27-05.01.43:207][  0]LogIoStore: Display: Using compression block alignment '2048'
[2025.02.27-05.01.43:207][  0]LogIoStore: Display: Using compression min bytes saved '1024'
[2025.02.27-05.01.43:207][  0]LogIoStore: Display: Using compression min percent saved '5'
[2025.02.27-05.01.43:207][  0]LogIoStore: Display: Using max partition size '0'
[2025.02.27-05.01.43:207][  0]LogIoStore: Display: Not using DDC for compression
[2025.02.27-05.01.43:207][  0]LogIoStore: Display: Using command list file: 'C:\Users\Atents\AppData\Roaming\Unreal Engine\AutomationTool\Logs\C+Program+Files+Epic+Games+UE_5.5\IoStoreCommands.txt'
[2025.02.27-05.01.43:225][  0]LogIoStore: Display: Selected Oodle level 4 (Normal) from command line for shaders
[2025.02.27-05.01.43:226][  0]LogIoStore: Display: Fetched 1405 oplog items from Manifest in 0.00 seconds
[2025.02.27-05.01.43:231][  0]LogIoStore: Display: Parsed 1405 oplog items 0.01 seconds, 2159 chunks
[2025.02.27-05.01.43:233][  0]LogIoStore: Display: Using input asset registry: D:/YDS_UnrealProject/OnlySwordMyLife/Saved/Cooked/Windows/OnlySwordMyLife/Metadata/DevelopmentAssetRegistry.bin
[2025.02.27-05.01.43:241][  0]LogIoStore: Display: Loaded 761 chunk hashes from AssetRegistry in 0.01 seconds, 761 hashes updated in 0.00 seconds
[2025.02.27-05.01.43:242][  0]LogIoStore: Display: Searching for cooked assets in folder 'D:\YDS_UnrealProject\OnlySwordMyLife\Saved\Cooked\Windows'
[2025.02.27-05.01.43:254][  0]LogIoStore: Display: Found '3565' files
[2025.02.27-05.01.43:263][  0]LogIoStore: Display: Creating container targets...
[2025.02.27-05.01.43:269][  0]OodleDataCompression: Display: Oodle v2.9.12 format for pak/iostore with method=Kraken, level=4=Normal
[2025.02.27-05.01.43:300][  0]LogIoStore: Display: Parsing packages...
[2025.02.27-05.01.43:300][  0]LogIoStore: Display: Reading package assets...
[2025.02.27-05.01.43:307][  0]LogIoStore: Display: Reading 1000/1398: 'D:/YDS_UnrealProject/OnlySwordMyLife/Saved/Cooked/Windows/Engine/Plugins/Interchange/Assets/Content/gltf/MaterialInstances/MI_Default_Blend.uasset'
[2025.02.27-05.01.43:309][  0]LogIoStore: Display: Packages read 1,398 files in 0.01 seconds, 3,468,629 total bytes, 383,829,530 bytes per second
[2025.02.27-05.01.43:326][  0]LogIoStore: Display: Processing shader libraries, compressing with Oodle Mermaid, level 4 (Normal)
[2025.02.27-05.01.43:333][  0]LogShaderLibrary: Display: Created IoStoreShaderArchive header: shaders grouped in 360 groups (135 of them didn't need new indices), average uncompressed size 155786 bytes, min 249 bytes, max 1047981 bytes (r.ShaderCodeLibrary.MaxShaderGroupSize=1048576)
[2025.02.27-05.01.43:406][  0]LogIoStore: Display: Global-PCD3D_SM5(PCD3D_SM5): Recompressed 3915 shaders as 360 groups. Library size changed from 12618 KB (4.34 : 1 ratio) to 5557 KB (9.86 : 1 ratio), 44.04% of previous.
[2025.02.27-05.01.43:431][  0]LogShaderLibrary: Display: Created IoStoreShaderArchive header: shaders grouped in 542 groups (183 of them didn't need new indices), average uncompressed size 211295 bytes, min 1249 bytes, max 1045875 bytes (r.ShaderCodeLibrary.MaxShaderGroupSize=1048576)
[2025.02.27-05.01.43:881][  0]LogIoStore: Display: Global-PCD3D_SM6(PCD3D_SM6): Recompressed 7584 shaders as 542 groups. Library size changed from 85599 KB (1.31 : 1 ratio) to 48193 KB (2.32 : 1 ratio), 56.30% of previous.
[2025.02.27-05.01.43:888][  0]LogShaderLibrary: Display: Created IoStoreShaderArchive header: shaders grouped in 202 groups (70 of them didn't need new indices), average uncompressed size 77695 bytes, min 249 bytes, max 965040 bytes (r.ShaderCodeLibrary.MaxShaderGroupSize=1048576)
[2025.02.27-05.01.43:909][  0]LogIoStore: Display: OnlySwordMyLife-PCD3D_SM5(PCD3D_SM5): Recompressed 1475 shaders as 202 groups. Library size changed from 4376 KB (3.50 : 1 ratio) to 1919 KB (7.99 : 1 ratio), 43.86% of previous.
[2025.02.27-05.01.43:917][  0]LogShaderLibrary: Display: Created IoStoreShaderArchive header: shaders grouped in 229 groups (55 of them didn't need new indices), average uncompressed size 140894 bytes, min 1517 bytes, max 962854 bytes (r.ShaderCodeLibrary.MaxShaderGroupSize=1048576)
[2025.02.27-05.01.44:013][  0]LogIoStore: Display: OnlySwordMyLife-PCD3D_SM6(PCD3D_SM6): Recompressed 2626 shaders as 229 groups. Library size changed from 23913 KB (1.32 : 1 ratio) to 15510 KB (2.03 : 1 ratio), 64.86% of previous.
[2025.02.27-05.01.44:016][  0]LogIoStore: Display: Shaders processed in 0.69 seconds
[2025.02.27-05.01.44:016][  0]LogIoStore: Display: Initialized WriteRequestManager with MaxConcurrentSourceReads=8 (16 cores), MaxSourceBufferMemory=3072MiB
[2025.02.27-05.01.44:019][  0]LogIoStore: Display: Processing redirects...
[2025.02.27-05.01.44:020][  0]LogIoStore: Display: Creating disk layout...
[2025.02.27-05.01.44:021][  0]LogIoStore: Display: Ordered 1398 packages using fallback bundle order
[2025.02.27-05.01.44:035][  0]LogIoStore: Display: Serializing container(s)...
[2025.02.27-05.01.46:037][  0]LogIoStore: Display: Writing chunks 2793/3495... [1459 compressed] [8120 compression tasks] [Physical: 3283 MiB, Virtual: 5777 MiB]
[2025.02.27-05.01.48:042][  0]LogIoStore: Display: Writing chunks 2890/3495... [1555 compressed] [8195 compression tasks] [Physical: 3939 MiB, Virtual: 5808 MiB]
[2025.02.27-05.01.50:043][  0]LogIoStore: Display: Writing chunks 2989/3495... [1655 compressed] [8366 compression tasks] [Physical: 4069 MiB, Virtual: 5738 MiB]
[2025.02.27-05.01.52:044][  0]LogIoStore: Display: Writing chunks 3098/3495... [1763 compressed] [3964 compression tasks] [Physical: 3103 MiB, Virtual: 4514 MiB]
[2025.02.27-05.01.53:411][  0]LogIoStore: Display: Writing and compressing took 9.30 seconds, writes to disk took 1.70 seconds for 3,012,821,904 bytes @ 1,767,511,559 bytes per second.
[2025.02.27-05.01.53:413][  0]LogIoStore: Display: global: Found perfect hashmap for 1 items.
[2025.02.27-05.01.53:414][  0]LogIoStore: Display: OnlySwordMyLife-Windows: Found perfect hashmap for 3494 items.
[2025.02.27-05.01.53:425][  0]LogIoStore: Display: Finalize took 0.0 seconds for 2 writers to write 1,390,515 bytes, 98,878,255 bytes per second
[2025.02.27-05.01.53:425][  0]LogIoStore: Display: Writing tocs... [Physical: 2322 MiB, Virtual: 3595 MiB]
[2025.02.27-05.01.53:425][  0]LogIoStore: Display: 761 / 3,495 hashes were loaded from the hash database, by type:
[2025.02.27-05.01.53:426][  0]LogIoStore: Display:     BulkData                   759
[2025.02.27-05.01.53:426][  0]LogIoStore: Display:     OptionalBulkData           2
[2025.02.27-05.01.53:426][  0]LogIoStore: Display: 2,159 / 3,495 chunks attempted to compress, by type:
[2025.02.27-05.01.53:426][  0]LogIoStore: Display:     ExportBundleData           1,398 / 1,398
[2025.02.27-05.01.53:426][  0]LogIoStore: Display:     BulkData                   759 / 759
[2025.02.27-05.01.53:426][  0]LogIoStore: Display:     OptionalBulkData           2 / 2
[2025.02.27-05.01.53:426][  0]LogIoStore: Display:     ScriptObjects              0 / 1
[2025.02.27-05.01.53:426][  0]LogIoStore: Display:     ContainerHeader            0 / 1
[2025.02.27-05.01.53:426][  0]LogIoStore: Display:     ShaderCodeLibrary          0 / 4
[2025.02.27-05.01.53:426][  0]LogIoStore: Display:     ShaderCode                 0 / 1,330
[2025.02.27-05.01.53:426][  0]LogIoStore: Display: Source bytes read:
[2025.02.27-05.01.53:426][  0]LogIoStore: Display:     Zen:                                  0
[2025.02.27-05.01.53:426][  0]LogIoStore: Display:     Loose File:               6,218,277,656
[2025.02.27-05.01.53:426][  0]LogIoStore: Display:         ExportBundleData        701,837,640 bytes over 2,796 reads
[2025.02.27-05.01.53:426][  0]LogIoStore: Display:         BulkData               5,415,776,720 bytes over 759 reads
[2025.02.27-05.01.53:426][  0]LogIoStore: Display:         OptionalBulkData        100,663,296 bytes over 2 reads
[2025.02.27-05.01.53:426][  0]LogIoStore: Display:     Memory:                     147,037,292
[2025.02.27-05.01.53:426][  0]LogIoStore: Display:         ShaderCodeLibrary         1,266,384 bytes over 8 reads
[2025.02.27-05.01.53:426][  0]LogIoStore: Display:         ShaderCode              145,770,908 bytes over 2,660 reads
[2025.02.27-05.01.53:426][  0]LogIoStore: Display: Calculating stats...
[2025.02.27-05.01.53:426][  0]LogIoStore: Display: 
[2025.02.27-05.01.53:426][  0]LogIoStore: Display: Container Summary
[2025.02.27-05.01.53:426][  0]LogIoStore: Display: ==================
[2025.02.27-05.01.53:426][  0]LogIoStore: Display: 
[2025.02.27-05.01.53:426][  0]LogIoStore: Display: Container                                               Flags      Chunk(s) #       TOC (KiB)       Raw Size (MiB)           Size (MiB)
[2025.02.27-05.01.53:426][  0]LogIoStore: Display: ----------------------------------------------------------------------------------------------------------------------------------------------
[2025.02.27-05.01.53:426][  0]LogIoStore: Display: global                                              -/-/-/-/-               1            0.62                 2.30                 2.30 -
[2025.02.27-05.01.53:426][  0]LogIoStore: Display: OnlySwordMyLife-Windows                             C/-/-/I/-            3494         1357.30              5670.70              2870.95 (49.37% Oodle)
[2025.02.27-05.01.53:426][  0]LogIoStore: Display: ----------------------------------------------------------------------------------------------------------------------------------------------
[2025.02.27-05.01.53:426][  0]LogIoStore: Display: Total                                                                    3495         1357.92              5673.00              2873.25
[2025.02.27-05.01.53:426][  0]LogIoStore: Display: 
[2025.02.27-05.01.53:426][  0]LogIoStore: Display: ** Flags: (C)ompressed / (E)ncrypted / (S)igned) / (I)ndexed) / (O)nDemand **
[2025.02.27-05.01.53:426][  0]LogIoStore: Display: 
[2025.02.27-05.01.53:426][  0]LogIoStore: Display: Compression block padding:     2.58 MiB
[2025.02.27-05.01.53:426][  0]LogIoStore: Display: 
[2025.02.27-05.01.53:426][  0]LogIoStore: Display: Container Directory Index
[2025.02.27-05.01.53:426][  0]LogIoStore: Display: ==========================
[2025.02.27-05.01.53:426][  0]LogIoStore: Display: 
[2025.02.27-05.01.53:426][  0]LogIoStore: Display: Container                                          Size (KiB)
[2025.02.27-05.01.53:426][  0]LogIoStore: Display: ----------------------------------------------------------------------------------------------------------------------------------------------
[2025.02.27-05.01.53:426][  0]LogIoStore: Display: global                                                   0.00
[2025.02.27-05.01.53:427][  0]LogIoStore: Display: OnlySwordMyLife-Windows                                 99.47
[2025.02.27-05.01.53:427][  0]LogIoStore: Display: 
[2025.02.27-05.01.53:427][  0]LogIoStore: Display: Container Patch Report
[2025.02.27-05.01.53:427][  0]LogIoStore: Display: ========================
[2025.02.27-05.01.53:427][  0]LogIoStore: Display: 
[2025.02.27-05.01.53:427][  0]LogIoStore: Display: Container                                             Total #       Modified #          Added #   Modified (MiB)      Added (MiB)
[2025.02.27-05.01.53:427][  0]LogIoStore: Display: ----------------------------------------------------------------------------------------------------------------------------------------------
[2025.02.27-05.01.53:427][  0]LogIoStore: Display: global                                                      1                0                0             0.00             0.00
[2025.02.27-05.01.53:427][  0]LogIoStore: Display: OnlySwordMyLife-Windows                                  3494                0             3494             0.00          2868.37
[2025.02.27-05.01.53:427][  0]LogIoStore: Display: 
[2025.02.27-05.01.53:427][  0]LogIoStore: Display: PackageStore
[2025.02.27-05.01.53:427][  0]LogIoStore: Display: =============
[2025.02.27-05.01.53:427][  0]LogIoStore: Display: 
[2025.02.27-05.01.53:427][  0]LogIoStore: Display: Container                                          Size (KiB)      Packages #     Localized #
[2025.02.27-05.01.53:427][  0]LogIoStore: Display: ----------------------------------------------------------------------------------------------------------------------------------------------
[2025.02.27-05.01.53:427][  0]LogIoStore: Display: OnlySwordMyLife-Windows                                    44            1398               0
[2025.02.27-05.01.53:427][  0]LogIoStore: Display: ----------------------------------------------------------------------------------------------------------------------------------------------
[2025.02.27-05.01.53:427][  0]LogIoStore: Display: Total                                                      44            1398               0
[2025.02.27-05.01.53:427][  0]LogIoStore: Display: 
[2025.02.27-05.01.53:427][  0]LogIoStore: Display: 
[2025.02.27-05.01.53:427][  0]LogIoStore: Display: Input:      1398 Packages
[2025.02.27-05.01.53:427][  0]LogIoStore: Display: Input:      0.33 GB UExp
[2025.02.27-05.01.53:427][  0]LogIoStore: Display: Input:      0.00 GB UAsset
[2025.02.27-05.01.53:427][  0]LogIoStore: Display: Input:      5.14 GB UBulk
[2025.02.27-05.01.53:427][  0]LogIoStore: Display: Input:     52.49 MB for 902 Global shaders
[2025.02.27-05.01.53:427][  0]LogIoStore: Display: Input:      1.75 MB for 183 Shared shaders
[2025.02.27-05.01.53:427][  0]LogIoStore: Display: Input:      0.00 MB for 0 Unique shaders
[2025.02.27-05.01.53:427][  0]LogIoStore: Display: Input:     15.27 MB for 245 Inline shaders
[2025.02.27-05.01.53:427][  0]LogIoStore: Display: 
[2025.02.27-05.01.53:427][  0]LogIoStore: Display: Output:    15790 Name map entries
[2025.02.27-05.01.53:427][  0]LogIoStore: Display: Output:     2064 Imported package entries
[2025.02.27-05.01.53:427][  0]LogIoStore: Display: Output:      761 Packages without imports
[2025.02.27-05.01.53:427][  0]LogIoStore: Display: Output:        0 Public runtime script objects
[2025.02.27-05.01.53:427][  0]LogIoStore: Display: Output:     0.00 GB HeaderData
[2025.02.27-05.01.53:427][  0]LogIoStore: Display: Output:     2.30 MB InitialLoadData
[2025.02.27-05.01.53:427][  0]LogIoStore: Display: 
[2025.02.27-05.01.53:429][  0]LogPakFile: Display: UnrealPak executed in 10.226162 seconds
[2025.02.27-05.01.53:432][  0]LogCore: Engine exit requested (reason: UnrealPak Exiting)
[2025.02.27-05.01.53:432][  0]LogExit: Preparing to exit.
[2025.02.27-05.01.53:433][  0]LogExit: Object subsystem successfully closed.
[2025.02.27-05.01.53:434][  0]LogPakFile: Destroying PakPlatformFile
[2025.02.27-05.01.53:434][  0]LogExit: Exiting.
[2025.02.27-05.01.53:445][  0]Log file closed, 02/27/25 14:01:53
